C:\USERS\NAHID_000\DOCUMENTS\VISUAL STUDIO 2012\PROJECTS\GAMEENGINE\GAMEENGINE\DEBUG\GAME.OBJ
C:\USERS\NAHID_000\DOCUMENTS\VISUAL STUDIO 2012\PROJECTS\GAMEENGINE\GAMEENGINE\DEBUG\GAMEOVERSTATE.OBJ
C:\USERS\NAHID_000\DOCUMENTS\VISUAL STUDIO 2012\PROJECTS\GAMEENGINE\GAMEENGINE\DEBUG\GL_GAMEOBJECT.OBJ
C:\USERS\NAHID_000\DOCUMENTS\VISUAL STUDIO 2012\PROJECTS\GAMEENGINE\GAMEENGINE\DEBUG\GL_PLAYER.OBJ
C:\USERS\NAHID_000\DOCUMENTS\VISUAL STUDIO 2012\PROJECTS\GAMEENGINE\GAMEENGINE\DEBUG\INPUTHANDLER.OBJ
C:\USERS\NAHID_000\DOCUMENTS\VISUAL STUDIO 2012\PROJECTS\GAMEENGINE\GAMEENGINE\DEBUG\LTIMER.OBJ
C:\USERS\NAHID_000\DOCUMENTS\VISUAL STUDIO 2012\PROJECTS\GAMEENGINE\GAMEENGINE\DEBUG\MAIN.OBJ
C:\USERS\NAHID_000\DOCUMENTS\VISUAL STUDIO 2012\PROJECTS\GAMEENGINE\GAMEENGINE\DEBUG\GAMESTATEMACHINE.OBJ
C:\USERS\NAHID_000\DOCUMENTS\VISUAL STUDIO 2012\PROJECTS\GAMEENGINE\GAMEENGINE\DEBUG\MENUBUTTON.OBJ
C:\USERS\NAHID_000\DOCUMENTS\VISUAL STUDIO 2012\PROJECTS\GAMEENGINE\GAMEENGINE\DEBUG\MENUSTATE.OBJ
C:\USERS\NAHID_000\DOCUMENTS\VISUAL STUDIO 2012\PROJECTS\GAMEENGINE\GAMEENGINE\DEBUG\PAUSESTATE.OBJ
C:\USERS\NAHID_000\DOCUMENTS\VISUAL STUDIO 2012\PROJECTS\GAMEENGINE\GAMEENGINE\DEBUG\PLAYSTATE.OBJ
C:\USERS\NAHID_000\DOCUMENTS\VISUAL STUDIO 2012\PROJECTS\GAMEENGINE\GAMEENGINE\DEBUG\TEXTURE.OBJ
C:\USERS\NAHID_000\DOCUMENTS\VISUAL STUDIO 2012\PROJECTS\GAMEENGINE\GAMEENGINE\DEBUG\TEXTUREMANAGER.OBJ
C:\USERS\NAHID_000\DOCUMENTS\VISUAL STUDIO 2012\PROJECTS\GAMEENGINE\GAMEENGINE\DEBUG\VC110.PDB
C:\USERS\NAHID_000\DOCUMENTS\VISUAL STUDIO 2012\PROJECTS\GAMEENGINE\DEBUG\GAMEENGINE.ILK
C:\USERS\NAHID_000\DOCUMENTS\VISUAL STUDIO 2012\PROJECTS\GAMEENGINE\DEBUG\GAMEENGINE.EXE
C:\USERS\NAHID_000\DOCUMENTS\VISUAL STUDIO 2012\PROJECTS\GAMEENGINE\DEBUG\GAMEENGINE.PDB
C:\Users\nahid_000\documents\visual studio 2012\Projects\GameEngine\GameEngine\Debug\Game.obj
C:\Users\nahid_000\documents\visual studio 2012\Projects\GameEngine\GameEngine\Debug\GameOverState.obj
C:\Users\nahid_000\documents\visual studio 2012\Projects\GameEngine\GameEngine\Debug\GameStateMachine.obj
C:\Users\nahid_000\documents\visual studio 2012\Projects\GameEngine\GameEngine\Debug\GL_GameObject.obj
C:\Users\nahid_000\documents\visual studio 2012\Projects\GameEngine\GameEngine\Debug\GL_Player.obj
C:\Users\nahid_000\documents\visual studio 2012\Projects\GameEngine\GameEngine\Debug\InputHandler.obj
C:\Users\nahid_000\documents\visual studio 2012\Projects\GameEngine\GameEngine\Debug\LTimer.obj
C:\Users\nahid_000\documents\visual studio 2012\Projects\GameEngine\GameEngine\Debug\main.obj
C:\Users\nahid_000\documents\visual studio 2012\Projects\GameEngine\GameEngine\Debug\MenuButton.obj
C:\Users\nahid_000\documents\visual studio 2012\Projects\GameEngine\GameEngine\Debug\MenuState.obj
C:\Users\nahid_000\documents\visual studio 2012\Projects\GameEngine\GameEngine\Debug\PauseState.obj
C:\Users\nahid_000\documents\visual studio 2012\Projects\GameEngine\GameEngine\Debug\PlayState.obj
C:\Users\nahid_000\documents\visual studio 2012\Projects\GameEngine\GameEngine\Debug\Texture.obj
C:\Users\nahid_000\documents\visual studio 2012\Projects\GameEngine\GameEngine\Debug\TextureManager.obj
C:\Users\nahid_000\documents\visual studio 2012\Projects\GameEngine\GameEngine\Debug\cl.command.1.tlog
C:\Users\nahid_000\documents\visual studio 2012\Projects\GameEngine\GameEngine\Debug\CL.read.1.tlog
C:\Users\nahid_000\documents\visual studio 2012\Projects\GameEngine\GameEngine\Debug\CL.write.1.tlog
C:\Users\nahid_000\documents\visual studio 2012\Projects\GameEngine\GameEngine\Debug\link-cvtres.read.1.tlog
C:\Users\nahid_000\documents\visual studio 2012\Projects\GameEngine\GameEngine\Debug\link-cvtres.write.1.tlog
C:\Users\nahid_000\documents\visual studio 2012\Projects\GameEngine\GameEngine\Debug\link-rc.read.1.tlog
C:\Users\nahid_000\documents\visual studio 2012\Projects\GameEngine\GameEngine\Debug\link-rc.write.1.tlog
C:\Users\nahid_000\documents\visual studio 2012\Projects\GameEngine\GameEngine\Debug\link.command.1.tlog
C:\Users\nahid_000\documents\visual studio 2012\Projects\GameEngine\GameEngine\Debug\link.read.1.tlog
C:\Users\nahid_000\documents\visual studio 2012\Projects\GameEngine\GameEngine\Debug\link.write.1.tlog
C:\Users\nahid_000\documents\visual studio 2012\Projects\GameEngine\GameEngine\Debug\vc110.idb
C:\Users\nahid_000\documents\visual studio 2012\Projects\GameEngine\GameEngine\Debug\vc110.pdb
C:\Users\nahid_000\documents\visual studio 2012\Projects\GameEngine\Debug\GameEngine.pdb
C:\Users\nahid_000\documents\visual studio 2012\Projects\GameEngine\Debug\GameEngine.exe
C:\Users\nahid_000\documents\visual studio 2012\Projects\GameEngine\Debug\GameEngine.ilk
