Build started 11/21/2014 11:03:44 PM.
     1>Project "C:\Users\nahid_000\documents\visual studio 2012\Projects\GameEngine\GameEngine\GameEngine.vcxproj" on node 2 (Build target(s)).
     1>ClCompile:
         C:\Program Files (x86)\Microsoft Visual Studio 11.0\VC\bin\CL.exe /c /I"C:\Users\nahid_000\Documents\Visual Studio 2012\Projects\GameEngine\GameEngine\include" /ZI /nologo /W3 /WX- /Od /Oy- /D _MBCS /Gm /EHsc /RTC1 /MDd /GS /fp:precise /Zc:wchar_t /Zc:forScope /Fo"Debug\\" /Fd"Debug\vc110.pdb" /Gd /TP /analyze- /errorReport:prompt Game.cpp GameOverState.cpp PauseState.cpp PlayState.cpp
         PlayState.cpp
         PauseState.cpp
         GameOverState.cpp
         Game.cpp
     1>c:\users\nahid_000\documents\visual studio 2012\projects\gameengine\gameengine\game.cpp(106): warning C4244: 'argument' : conversion from 'float' to 'GLint', possible loss of data
         Generating Code...
       Link:
         C:\Program Files (x86)\Microsoft Visual Studio 11.0\VC\bin\link.exe /ERRORREPORT:PROMPT /OUT:"C:\Users\nahid_000\documents\visual studio 2012\Projects\GameEngine\Debug\GameEngine.exe" /INCREMENTAL /NOLOGO /LIBPATH:"C:\Users\nahid_000\C0de\Libraries\glew-1.11.0\lib\Release\Win32" /LIBPATH:"C:\Users\nahid_000\Documents\Visual Studio 2012\Projects\GameEngine\GameEngine\lib\x86" SDL2.lib SDL2main.lib opengl32.lib glu32.lib ilu.lib devil.lib kernel32.lib user32.lib gdi32.lib winspool.lib comdlg32.lib advapi32.lib shell32.lib ole32.lib oleaut32.lib uuid.lib odbc32.lib odbccp32.lib /MANIFEST /MANIFESTUAC:"level='asInvoker' uiAccess='false'" /manifest:embed /DEBUG /PDB:"C:\Users\nahid_000\documents\visual studio 2012\Projects\GameEngine\Debug\GameEngine.pdb" /SUBSYSTEM:WINDOWS /TLBID:1 /DYNAMICBASE /NXCOMPAT /IMPLIB:"C:\Users\nahid_000\documents\visual studio 2012\Projects\GameEngine\Debug\GameEngine.lib" /MACHINE:X86 Debug\Game.obj
         Debug\GameOverState.obj
         Debug\GL_GameObject.obj
         Debug\GL_Player.obj
         Debug\InputHandler.obj
         Debug\LTimer.obj
         Debug\main.obj
         Debug\GameStateMachine.obj
         Debug\MenuButton.obj
         Debug\MenuState.obj
         Debug\PauseState.obj
         Debug\PlayState.obj
         Debug\Texture.obj
         Debug\TextureManager.obj
         GameEngine.vcxproj -> C:\Users\nahid_000\documents\visual studio 2012\Projects\GameEngine\Debug\GameEngine.exe
     1>Done Building Project "C:\Users\nahid_000\documents\visual studio 2012\Projects\GameEngine\GameEngine\GameEngine.vcxproj" (Build target(s)).

Build succeeded.

Time Elapsed 00:00:44.92
